<?xml version="1.0" encoding="UTF-8"?>
<!-- Generated by org.testng.reporters.JUnitXMLReporter -->
<testsuite ignored="0" hostname="pinuspintar" failures="0" tests="3" name="Command line test" time="3.693" errors="0" timestamp="2026-03-11T13:50:05 WIB">
  <testcase classname="com.fakerapi.automation.view.PersonApiTest" name="verifyBirthdayIsWithinRange" time="0.007"/>
  <testcase classname="com.fakerapi.automation.view.PersonApiTest" name="verifyGenderOfAllPersons" time="0.001"/>
  <testcase classname="com.fakerapi.automation.view.PersonApiTest" name="verifyTotalDataAmount" time="0.001"/>
</testsuite> <!-- Command line test -->
